1590331106227	mozrunner::runner	INFO	Running command: "/usr/bin/firefox" "-marionette" "-foreground" "-no-remote" "-profile" "/tmp/rust_mozprofileICDN82"
1590331111846	addons.webextension.screenshots@mozilla.org	WARN	Loading extension 'screenshots@mozilla.org': Reading manifest: Invalid extension permission: mozillaAddons
1590331111846	addons.webextension.screenshots@mozilla.org	WARN	Loading extension 'screenshots@mozilla.org': Reading manifest: Invalid extension permission: telemetry
1590331111847	addons.webextension.screenshots@mozilla.org	WARN	Loading extension 'screenshots@mozilla.org': Reading manifest: Invalid extension permission: resource://pdf.js/
1590331111847	addons.webextension.screenshots@mozilla.org	WARN	Loading extension 'screenshots@mozilla.org': Reading manifest: Invalid extension permission: about:reader*
Sandbox: seccomp sandbox violation: pid 10744, tid 10744, syscall 315, args 10744 140648236063552 56 0 18 140648236063552.
Sandbox: seccomp sandbox violation: pid 10768, tid 10768, syscall 315, args 10768 139876182002112 56 0 24 139876182002112.
JavaScript error: undefined, line 14: Error: An unexpected error occurred
JavaScript error: moz-extension://527aef74-e9f9-4e8d-89c5-02b09ede7cb2/lib/picture_in_picture_overrides.js, line 15: Error: Incorrect argument types for pictureInPictureParent.setOverrides.
JavaScript error: resource:///modules/sessionstore/SessionStore.jsm, line 1325: uncaught exception: 2147746065
1590331117780	Marionette	INFO	Listening on port 40989
1590331118471	Marionette	WARN	TLS certificate errors will be ignored for this session
1590331182536	mozrunner::runner	INFO	Running command: "/usr/bin/firefox" "-marionette" "-foreground" "-no-remote" "-profile" "/tmp/rust_mozprofileV7EZyH"
1590331183151	addons.webextension.screenshots@mozilla.org	WARN	Loading extension 'screenshots@mozilla.org': Reading manifest: Invalid extension permission: mozillaAddons
1590331183151	addons.webextension.screenshots@mozilla.org	WARN	Loading extension 'screenshots@mozilla.org': Reading manifest: Invalid extension permission: telemetry
1590331183151	addons.webextension.screenshots@mozilla.org	WARN	Loading extension 'screenshots@mozilla.org': Reading manifest: Invalid extension permission: resource://pdf.js/
1590331183152	addons.webextension.screenshots@mozilla.org	WARN	Loading extension 'screenshots@mozilla.org': Reading manifest: Invalid extension permission: about:reader*
Sandbox: seccomp sandbox violation: pid 10984, tid 10984, syscall 315, args 10984 140358306695872 56 0 20 140358306695872.
Sandbox: seccomp sandbox violation: pid 11008, tid 11008, syscall 315, args 11008 140647146416832 56 0 20 140647146416832.
JavaScript error: undefined, line 14: Error: An unexpected error occurred
JavaScript error: moz-extension://28ea3ec9-41e3-4a62-96df-054e2044edeb/lib/picture_in_picture_overrides.js, line 15: Error: Incorrect argument types for pictureInPictureParent.setOverrides.
JavaScript error: resource:///modules/sessionstore/SessionStore.jsm, line 1325: uncaught exception: 2147746065
1590331185294	Marionette	INFO	Listening on port 39625
1590331185344	Marionette	WARN	TLS certificate errors will be ignored for this session
1590331202495	Marionette	INFO	Stopped listening on port 40989
1590331302836	mozrunner::runner	INFO	Running command: "/usr/bin/firefox" "-marionette" "-foreground" "-no-remote" "-profile" "/tmp/rust_mozprofileznQa8T"
1590331303647	addons.webextension.screenshots@mozilla.org	WARN	Loading extension 'screenshots@mozilla.org': Reading manifest: Invalid extension permission: mozillaAddons
1590331303647	addons.webextension.screenshots@mozilla.org	WARN	Loading extension 'screenshots@mozilla.org': Reading manifest: Invalid extension permission: telemetry
1590331303648	addons.webextension.screenshots@mozilla.org	WARN	Loading extension 'screenshots@mozilla.org': Reading manifest: Invalid extension permission: resource://pdf.js/
1590331303648	addons.webextension.screenshots@mozilla.org	WARN	Loading extension 'screenshots@mozilla.org': Reading manifest: Invalid extension permission: about:reader*
Sandbox: seccomp sandbox violation: pid 11206, tid 11206, syscall 315, args 11206 140324338080448 56 0 20 140324338080448.
Sandbox: seccomp sandbox violation: pid 11230, tid 11230, syscall 315, args 11230 139636830312448 56 0 30 139636830312448.
JavaScript error: undefined, line 14: Error: An unexpected error occurred
JavaScript error: moz-extension://58eefc78-9f13-4e1f-bac5-d1c3eb42f617/lib/picture_in_picture_overrides.js, line 15: Error: Incorrect argument types for pictureInPictureParent.setOverrides.
JavaScript error: resource:///modules/sessionstore/SessionStore.jsm, line 1325: uncaught exception: 2147746065
1590331306062	Marionette	INFO	Listening on port 36153
1590331306148	Marionette	WARN	TLS certificate errors will be ignored for this session
1590331404093	mozrunner::runner	INFO	Running command: "/usr/bin/firefox" "-marionette" "-foreground" "-no-remote" "-profile" "/tmp/rust_mozprofilel1Gvwo"
1590331404914	addons.webextension.screenshots@mozilla.org	WARN	Loading extension 'screenshots@mozilla.org': Reading manifest: Invalid extension permission: mozillaAddons
1590331404914	addons.webextension.screenshots@mozilla.org	WARN	Loading extension 'screenshots@mozilla.org': Reading manifest: Invalid extension permission: telemetry
1590331404914	addons.webextension.screenshots@mozilla.org	WARN	Loading extension 'screenshots@mozilla.org': Reading manifest: Invalid extension permission: resource://pdf.js/
1590331404914	addons.webextension.screenshots@mozilla.org	WARN	Loading extension 'screenshots@mozilla.org': Reading manifest: Invalid extension permission: about:reader*
Sandbox: seccomp sandbox violation: pid 11420, tid 11420, syscall 315, args 11420 140288733682368 56 0 20 140288733682368.
Sandbox: seccomp sandbox violation: pid 11445, tid 11445, syscall 315, args 11445 140515170810560 56 0 20 140515170810560.
JavaScript error: undefined, line 14: Error: An unexpected error occurred
JavaScript error: moz-extension://a45af826-2038-4af8-acd5-00a7c862a6ef/lib/picture_in_picture_overrides.js, line 15: Error: Incorrect argument types for pictureInPictureParent.setOverrides.
JavaScript error: resource:///modules/sessionstore/SessionStore.jsm, line 1325: uncaught exception: 2147746065
1590331407326	Marionette	INFO	Listening on port 42541
1590331407402	Marionette	WARN	TLS certificate errors will be ignored for this session
1590331448995	mozrunner::runner	INFO	Running command: "/usr/bin/firefox" "-marionette" "-foreground" "-no-remote" "-profile" "/tmp/rust_mozprofile9XTvk9"
1590331449585	addons.webextension.screenshots@mozilla.org	WARN	Loading extension 'screenshots@mozilla.org': Reading manifest: Invalid extension permission: mozillaAddons
1590331449586	addons.webextension.screenshots@mozilla.org	WARN	Loading extension 'screenshots@mozilla.org': Reading manifest: Invalid extension permission: telemetry
1590331449587	addons.webextension.screenshots@mozilla.org	WARN	Loading extension 'screenshots@mozilla.org': Reading manifest: Invalid extension permission: resource://pdf.js/
1590331449587	addons.webextension.screenshots@mozilla.org	WARN	Loading extension 'screenshots@mozilla.org': Reading manifest: Invalid extension permission: about:reader*
Sandbox: seccomp sandbox violation: pid 11614, tid 11614, syscall 315, args 11614 140296539261504 56 0 22 140296539261504.
Sandbox: seccomp sandbox violation: pid 11638, tid 11638, syscall 315, args 11638 139911835605440 56 0 22 139911835605440.
JavaScript error: undefined, line 14: Error: An unexpected error occurred
JavaScript error: moz-extension://72bca119-a63f-41eb-b690-e758b3a0fa58/lib/picture_in_picture_overrides.js, line 15: Error: Incorrect argument types for pictureInPictureParent.setOverrides.
JavaScript error: resource:///modules/sessionstore/SessionStore.jsm, line 1325: uncaught exception: 2147746065
1590331451921	Marionette	INFO	Listening on port 38383
1590331452006	Marionette	WARN	TLS certificate errors will be ignored for this session
1590333386271	Marionette	INFO	Stopped listening on port 38383
1590333386830	Marionette	INFO	Stopped listening on port 42541

###!!! [Child][RunMessage] Error: Channel closing: too late to send/recv, messages will be lost

[Parent 11150, Gecko_IOThread] WARNING: pipe error (60): Connection reset by peer: file /build/firefox-esr-FteunY/firefox-esr-68.8.0esr/ipc/chromium/src/chrome/common/ipc_channel_posix.cc, line 358
1590333387275	Marionette	INFO	Stopped listening on port 36153
[Parent 10887, Gecko_IOThread] WARNING: pipe error (76): Connection reset by peer: file /build/firefox-esr-FteunY/firefox-esr-68.8.0esr/ipc/chromium/src/chrome/common/ipc_channel_posix.cc, line 358
1590333388016	Marionette	INFO	Stopped listening on port 39625
